{"/mnt/2CEC3CF7EC3CBD40/Projects/Work/url-shortener/server/src/generateSlug.ts": {"path":"/mnt/2CEC3CF7EC3CBD40/Projects/Work/url-shortener/server/src/generateSlug.ts","statementMap":{"0":{"start":{"line":1,"column":0},"end":{"line":1,"column":32}},"1":{"start":{"line":2,"column":0},"end":{"line":2,"column":38}},"2":{"start":{"line":9,"column":6},"end":{"line":9,"column":null}},"3":{"start":{"line":11,"column":6},"end":{"line":11,"column":null}},"4":{"start":{"line":13,"column":6},"end":{"line":13,"column":null}},"5":{"start":{"line":15,"column":6},"end":{"line":15,"column":null}},"6":{"start":{"line":16,"column":9},"end":{"line":16,"column":null}},"7":{"start":{"line":16,"column":39},"end":{"line":16,"column":null}},"8":{"start":{"line":17,"column":4},"end":{"line":17,"column":null}},"9":{"start":{"line":18,"column":4},"end":{"line":18,"column":null}},"10":{"start":{"line":20,"column":2},"end":{"line":20,"column":null}},"11":{"start":{"line":8,"column":0},"end":{"line":8,"column":26}}},"fnMap":{"0":{"name":"default_1","decl":{"start":{"line":8,"column":0},"end":{"line":8,"column":26}},"loc":{"start":{"line":8,"column":37},"end":{"line":21,"column":null}}}},"branchMap":{"0":{"loc":{"start":{"line":20,"column":2},"end":{"line":20,"column":null}},"type":"switch","locations":[{"start":{"line":20,"column":2},"end":{"line":20,"column":null}}]},"1":{"loc":{"start":{"line":16,"column":9},"end":{"line":16,"column":null}},"type":"if","locations":[{"start":{"line":16,"column":9},"end":{"line":16,"column":null}},{"start":{"line":16,"column":9},"end":{"line":16,"column":null}}]}},"s":{"0":1,"1":1,"2":1,"3":1,"4":1,"5":1,"6":1,"7":0,"8":1,"9":0,"10":0,"11":1},"f":{"0":1},"b":{"0":[0],"1":[0,1]}}
}
